# JRE version: Java(TM) SE Runtime Environment (18.0+36) (build 18+36-2087)
# Java VM: Java HotSpot(TM) 64-Bit Server VM (18+36-2087, mixed mode, emulated-client, sharing, tiered, compressed oops, compressed class ptrs, g1 gc, windows-amd64)
GC Precious Log:
 CardTable entry size: 512
 Card Set container configuration: InlinePtr #cards 4 size 8 Array Of Cards #cards 32 size 80 Howl #buckets 8 coarsen threshold 7372 Howl Bitmap #cards 1024 size 144 coarsen threshold 921 Card regions per heap region 1 cards per card region 8192
 CPUs: 24 total, 24 available
 Memory: 32679M
 Large Page Support: Disabled
 NUMA Support: Disabled
 Compressed Oops: Enabled (Zero based)
 Heap Region Size: 4M
 Heap Min Capacity: 8M
 Heap Initial Capacity: 512M
 Heap Max Capacity: 8172M
 Pre-touch: Disabled
 Parallel Workers: 18
 Concurrent Workers: 5
 Concurrent Refinement Workers: 18
 Periodic GC: Disabled
Heap:
 garbage-first heap   total 106496K, used 45680K [0x0000000601400000, 0x0000000800000000)
  region size 4096K, 9 young (36864K), 1 survivors (4096K)
 Metaspace       used 46518K, committed 46976K, reserved 1114112K
  class space    used 6287K, committed 6528K, reserved 1048576K
GC Heap History (20 events):
Event: 0.385 GC heap before
{Heap before GC invocations=0 (full 0):
 garbage-first heap   total 524288K, used 24576K [0x0000000601400000, 0x0000000800000000)
  region size 4096K, 6 young (24576K), 0 survivors (0K)
 Metaspace       used 6483K, committed 6656K, reserved 1114112K
  class space    used 717K, committed 768K, reserved 1048576K
}
Event: 0.389 GC heap after
{Heap after GC invocations=1 (full 0):
 garbage-first heap   total 524288K, used 7266K [0x0000000601400000, 0x0000000800000000)
  region size 4096K, 1 young (4096K), 1 survivors (4096K)
 Metaspace       used 6483K, committed 6656K, reserved 1114112K
  class space    used 717K, committed 768K, reserved 1048576K
}
Event: 0.514 GC heap before
{Heap before GC invocations=1 (full 0):
 garbage-first heap   total 524288K, used 27746K [0x0000000601400000, 0x0000000800000000)
  region size 4096K, 6 young (24576K), 1 survivors (4096K)
 Metaspace       used 8659K, committed 8832K, reserved 1114112K
  class space    used 999K, committed 1088K, reserved 1048576K
}
Event: 0.515 GC heap after
{Heap after GC invocations=2 (full 0):
 garbage-first heap   total 524288K, used 8075K [0x0000000601400000, 0x0000000800000000)
  region size 4096K, 1 young (4096K), 1 survivors (4096K)
 Metaspace       used 8659K, committed 8832K, reserved 1114112K
  class space    used 999K, committed 1088K, reserved 1048576K
}
Event: 0.778 GC heap before
{Heap before GC invocations=2 (full 0):
 garbage-first heap   total 524288K, used 69515K [0x0000000601400000, 0x0000000800000000)
  region size 4096K, 16 young (65536K), 1 survivors (4096K)
 Metaspace       used 14583K, committed 14912K, reserved 1114112K
  class space    used 1844K, committed 1984K, reserved 1048576K
}
Event: 0.780 GC heap after
{Heap after GC invocations=3 (full 0):
 garbage-first heap   total 524288K, used 10017K [0x0000000601400000, 0x0000000800000000)
  region size 4096K, 1 young (4096K), 1 survivors (4096K)
 Metaspace       used 14583K, committed 14912K, reserved 1114112K
  class space    used 1844K, committed 1984K, reserved 1048576K
}
Event: 1.152 GC heap before
{Heap before GC invocations=3 (full 0):
 garbage-first heap   total 524288K, used 96033K [0x0000000601400000, 0x0000000800000000)
  region size 4096K, 24 young (98304K), 1 survivors (4096K)
 Metaspace       used 21204K, committed 21504K, reserved 1114112K
  class space    used 2705K, committed 2880K, reserved 1048576K
}
Event: 1.155 GC heap after
{Heap after GC invocations=4 (full 0):
 garbage-first heap   total 524288K, used 12316K [0x0000000601400000, 0x0000000800000000)
  region size 4096K, 2 young (8192K), 2 survivors (8192K)
 Metaspace       used 21204K, committed 21504K, reserved 1114112K
  class space    used 2705K, committed 2880K, reserved 1048576K
}
Event: 1.475 GC heap before
{Heap before GC invocations=5 (full 0):
 garbage-first heap   total 69632K, used 65564K [0x0000000601400000, 0x0000000800000000)
  region size 4096K, 15 young (61440K), 2 survivors (8192K)
 Metaspace       used 24813K, committed 25216K, reserved 1114112K
  class space    used 3282K, committed 3456K, reserved 1048576K
}
Event: 1.479 GC heap after
{Heap after GC invocations=6 (full 0):
 garbage-first heap   total 77824K, used 14564K [0x0000000601400000, 0x0000000800000000)
  region size 4096K, 2 young (8192K), 2 survivors (8192K)
 Metaspace       used 24813K, committed 25216K, reserved 1114112K
  class space    used 3282K, committed 3456K, reserved 1048576K
}
Event: 1.485 GC heap before
{Heap before GC invocations=6 (full 0):
 garbage-first heap   total 77824K, used 18660K [0x0000000601400000, 0x0000000800000000)
  region size 4096K, 3 young (12288K), 2 survivors (8192K)
 Metaspace       used 25073K, committed 25408K, reserved 1114112K
  class space    used 3308K, committed 3456K, reserved 1048576K
}
Event: 1.488 GC heap after
{Heap after GC invocations=7 (full 0):
 garbage-first heap   total 77824K, used 15058K [0x0000000601400000, 0x0000000800000000)
  region size 4096K, 1 young (4096K), 1 survivors (4096K)
 Metaspace       used 25073K, committed 25408K, reserved 1114112K
  class space    used 3308K, committed 3456K, reserved 1048576K
}
Event: 1.689 GC heap before
{Heap before GC invocations=7 (full 0):
 garbage-first heap   total 77824K, used 47826K [0x0000000601400000, 0x0000000800000000)
  region size 4096K, 10 young (40960K), 1 survivors (4096K)
 Metaspace       used 27885K, committed 28224K, reserved 1114112K
  class space    used 3658K, committed 3840K, reserved 1048576K
}
Event: 1.691 GC heap after
{Heap after GC invocations=8 (full 0):
 garbage-first heap   total 303104K, used 16498K [0x0000000601400000, 0x0000000800000000)
  region size 4096K, 1 young (4096K), 1 survivors (4096K)
 Metaspace       used 27885K, committed 28224K, reserved 1114112K
  class space    used 3658K, committed 3840K, reserved 1048576K
}
Event: 2.127 GC heap before
{Heap before GC invocations=8 (full 0):
 garbage-first heap   total 303104K, used 94322K [0x0000000601400000, 0x0000000800000000)
  region size 4096K, 22 young (90112K), 1 survivors (4096K)
 Metaspace       used 35552K, committed 35968K, reserved 1114112K
  class space    used 4787K, committed 4992K, reserved 1048576K
}
Event: 2.130 GC heap after
{Heap after GC invocations=9 (full 0):
 garbage-first heap   total 303104K, used 18648K [0x0000000601400000, 0x0000000800000000)
  region size 4096K, 2 young (8192K), 2 survivors (8192K)
 Metaspace       used 35552K, committed 35968K, reserved 1114112K
  class space    used 4787K, committed 4992K, reserved 1048576K
}
Event: 2.460 GC heap before
{Heap before GC invocations=10 (full 0):
 garbage-first heap   total 98304K, used 92376K [0x0000000601400000, 0x0000000800000000)
  region size 4096K, 20 young (81920K), 2 survivors (8192K)
 Metaspace       used 43238K, committed 43712K, reserved 1114112K
  class space    used 5704K, committed 5952K, reserved 1048576K
}
Event: 2.463 GC heap after
{Heap after GC invocations=11 (full 0):
 garbage-first heap   total 106496K, used 20729K [0x0000000601400000, 0x0000000800000000)
  region size 4096K, 2 young (8192K), 2 survivors (8192K)
 Metaspace       used 43238K, committed 43712K, reserved 1114112K
  class space    used 5704K, committed 5952K, reserved 1048576K
}
Event: 2.483 GC heap before
{Heap before GC invocations=11 (full 0):
 garbage-first heap   total 106496K, used 24825K [0x0000000601400000, 0x0000000800000000)
  region size 4096K, 3 young (12288K), 2 survivors (8192K)
 Metaspace       used 43568K, committed 44032K, reserved 1114112K
  class space    used 5776K, committed 6016K, reserved 1048576K
}
Event: 2.486 GC heap after
{Heap after GC invocations=12 (full 0):
 garbage-first heap   total 106496K, used 21104K [0x0000000601400000, 0x0000000800000000)
  region size 4096K, 1 young (4096K), 1 survivors (4096K)
 Metaspace       used 43568K, committed 44032K, reserved 1114112K
  class space    used 5776K, committed 6016K, reserved 1048576K
}

